gpg: keyring `/tmp/tmp18jug866/secring.gpg' created
gpg: keyring `/tmp/tmp18jug866/pubring.gpg' created
gpg: requesting key 02D65EFF from hkp server keyserver.ubuntu.com
gpg: /tmp/tmp18jug866/trustdb.gpg: trustdb created
gpg: key 02D65EFF: public key "Launchpad PPA for linrunner" imported
gpg: Total number processed: 1
gpg:               imported: 1  (RSA: 1)
OK
gpg: keyring `/tmp/tmpx_u8b8ws/secring.gpg' created
gpg: keyring `/tmp/tmpx_u8b8ws/pubring.gpg' created
gpg: requesting key A546BE4F from hkp server keyserver.ubuntu.com
gpg: /tmp/tmpx_u8b8ws/trustdb.gpg: trustdb created
gpg: key A546BE4F: public key "Launchpad PPA for Peter Levi" imported
gpg: Total number processed: 1
gpg:               imported: 1  (RSA: 1)
OK
gpg: keyring `/tmp/tmp094k6ksy/secring.gpg' created
gpg: keyring `/tmp/tmp094k6ksy/pubring.gpg' created
gpg: requesting key 36FD5529 from hkp server keyserver.ubuntu.com
gpg: /tmp/tmp094k6ksy/trustdb.gpg: trustdb created
gpg: key 36FD5529: public key "Launchpad PPA for atareao" imported
gpg: Total number processed: 1
gpg:               imported: 1  (RSA: 1)
OK
gpg: keyring `/tmp/tmpjuajte04/secring.gpg' created
gpg: keyring `/tmp/tmpjuajte04/pubring.gpg' created
gpg: requesting key 4221BA96 from hkp server keyserver.ubuntu.com
gpg: /tmp/tmpjuajte04/trustdb.gpg: trustdb created
gpg: key 4221BA96: public key "Launchpad PPA for dawidd6" imported
gpg: Total number processed: 1
gpg:               imported: 1  (RSA: 1)
OK
gpg: keyring `/tmp/tmpk51z417c/secring.gpg' created
gpg: keyring `/tmp/tmpk51z417c/pubring.gpg' created
gpg: requesting key EEA14886 from hkp server keyserver.ubuntu.com
gpg: /tmp/tmpk51z417c/trustdb.gpg: trustdb created
gpg: key EEA14886: public key "Launchpad VLC" imported
gpg: no ultimately trusted keys found
gpg: Total number processed: 1
gpg:               imported: 1  (RSA: 1)
OK
gpg: keyring `/tmp/tmps0ggiz_c/secring.gpg' created
gpg: keyring `/tmp/tmps0ggiz_c/pubring.gpg' created
gpg: requesting key 4C9D234C from hkp server keyserver.ubuntu.com
gpg: /tmp/tmps0ggiz_c/trustdb.gpg: trustdb created
gpg: key 4C9D234C: public key "Launchpad webupd8" imported
gpg: Total number processed: 1
gpg:               imported: 1  (RSA: 1)
OK
gpg: keyring `/tmp/tmp4hj95snl/secring.gpg' created
gpg: keyring `/tmp/tmp4hj95snl/pubring.gpg' created
gpg: requesting key EEA14886 from hkp server keyserver.ubuntu.com
gpg: /tmp/tmp4hj95snl/trustdb.gpg: trustdb created
gpg: key EEA14886: public key "Launchpad VLC" imported
gpg: no ultimately trusted keys found
gpg: Total number processed: 1
gpg:               imported: 1  (RSA: 1)
OK
Executing: /tmp/tmp.6xBHMIONcm/gpg.1.sh --keyserver
hkp://keyserver.ubuntu.com:80
--recv-keys
BBEBDCB318AD50EC6865090613B00F1FD2C19886
gpg: requesting key D2C19886 from hkp server keyserver.ubuntu.com
gpg: key D2C19886: "Spotify Public Repository Signing Key <operations@spotify.com>" not changed
gpg: Total number processed: 1
gpg:              unchanged: 1
deb http://repository.spotify.com stable non-free
gpg: keyring `/tmp/tmpg3ycy6oq/secring.gpg' created
gpg: keyring `/tmp/tmpg3ycy6oq/pubring.gpg' created
gpg: requesting key 0F164EEB from hkp server keyserver.ubuntu.com
gpg: /tmp/tmpg3ycy6oq/trustdb.gpg: trustdb created
gpg: key 0F164EEB: public key "Launchpad PPA for Numix Maintainers" imported
gpg: Total number processed: 1
gpg:               imported: 1  (RSA: 1)
OK
gpg: keyring `/tmp/tmpdz6qx_6y/secring.gpg' created
gpg: keyring `/tmp/tmpdz6qx_6y/pubring.gpg' created
gpg: requesting key EEA14886 from hkp server keyserver.ubuntu.com
gpg: /tmp/tmpdz6qx_6y/trustdb.gpg: trustdb created
gpg: key EEA14886: public key "Launchpad VLC" imported
gpg: no ultimately trusted keys found
gpg: Total number processed: 1
gpg:               imported: 1  (RSA: 1)
OK
sed: can't read /etc/apt/sources.list.d/official-package-repositories.list: No such file or directory
sed: can't read /etc/apt/sources.list.d/official-package-repositories.list: No such file or directory
sed: can't read /etc/apt/apt.conf.d/00recommends: No such file or directory
Hit:1 http://us.archive.ubuntu.com/ubuntu xenial InRelease
Get:2 http://us.archive.ubuntu.com/ubuntu xenial-updates InRelease [102 kB]
Hit:3 http://ppa.launchpad.net/atareao/telegram/ubuntu xenial InRelease
Get:4 http://security.ubuntu.com/ubuntu xenial-security InRelease [102 kB]
Hit:5 http://repository.spotify.com stable InRelease
Hit:6 https://repo.skype.com/deb stable InRelease
Hit:7 http://ppa.launchpad.net/dawidd0811/neofetch/ubuntu xenial InRelease
Ign:8 https://cli-assets.heroku.com/branches/stable/apt ./ InRelease
Get:9 http://us.archive.ubuntu.com/ubuntu xenial-backports InRelease [102 kB]
Hit:10 http://ppa.launchpad.net/linrunner/tlp/ubuntu xenial InRelease
Hit:11 http://ppa.launchpad.net/nilarimogard/webupd8/ubuntu xenial InRelease
Hit:12 https://cli-assets.heroku.com/branches/stable/apt ./ Release
Hit:13 http://ppa.launchpad.net/numix/ppa/ubuntu xenial InRelease
Hit:14 http://ppa.launchpad.net/peterlevi/ppa/ubuntu xenial InRelease
Get:15 https://cli-assets.heroku.com/branches/stable/apt ./ Release.gpg [473 B]
Hit:16 http://ppa.launchpad.net/webupd8team/atom/ubuntu xenial InRelease
Hit:17 http://ppa.launchpad.net/webupd8team/sublime-text-2/ubuntu xenial InRelease
Hit:18 http://ppa.launchpad.net/webupd8team/tor-browser/ubuntu xenial InRelease
Fetched 307 kB in 1s (185 kB/s)
Reading package lists...
Reading package lists...
Building dependency tree...
Reading state information...
telegram is already the newest version (1.0.5-0ubuntu0).
0 upgraded, 0 newly installed, 0 to remove and 0 not upgraded.
2017-02-18 22:48:55 URL:https://repo.skype.com/latest/skypeforlinux-64-alpha.deb [48086064/48086064] -> "skype.deb" [1]
(Reading database ... 262390 files and directories currently installed.)
Preparing to unpack skype.deb ...
Unpacking skypeforlinux (1.17.0.1) over (1.17.0.1) ...
Setting up skypeforlinux (1.17.0.1) ...
Processing triggers for desktop-file-utils (0.22-1ubuntu5) ...
Processing triggers for bamfdaemon (0.5.3~bzr0+16.04.20160824-0ubuntu1) ...
Rebuilding /usr/share/applications/bamf-2.index...
Processing triggers for mime-support (3.59ubuntu1) ...
Processing triggers for hicolor-icon-theme (0.15-0ubuntu1) ...
2017-02-18 22:49:37 URL:https://getrambox.herokuapp.com/download/linux_64?filetype=deb [36689328/36689328] -> "rambox.deb" [1]
(Reading database ... 262390 files and directories currently installed.)
Preparing to unpack rambox.deb ...
Unpacking rambox (0.5.3-94) over (0.5.3-94) ...
Setting up rambox (0.5.3-94) ...
Processing triggers for desktop-file-utils (0.22-1ubuntu5) ...
Processing triggers for bamfdaemon (0.5.3~bzr0+16.04.20160824-0ubuntu1) ...
Rebuilding /usr/share/applications/bamf-2.index...
Processing triggers for mime-support (3.59ubuntu1) ...
Processing triggers for hicolor-icon-theme (0.15-0ubuntu1) ...
Reading package lists...
Building dependency tree...
Reading state information...
Calculating upgrade...
0 upgraded, 0 newly installed, 0 to remove and 0 not upgraded.
Reading package lists...
Building dependency tree...
Reading state information...
tlp is already the newest version (0.9-1~xenial).
0 upgraded, 0 newly installed, 0 to remove and 0 not upgraded.
Reading package lists...
Building dependency tree...
Reading state information...
tlp-rdw is already the newest version (0.9-1~xenial).
0 upgraded, 0 newly installed, 0 to remove and 0 not upgraded.
Reading package lists...
Building dependency tree...
Reading state information...
thermald is already the newest version (1.5-2ubuntu2).
0 upgraded, 0 newly installed, 0 to remove and 0 not upgraded.
Reading package lists...
Building dependency tree...
Reading state information...
nvidia-304 is already the newest version (304.134-0ubuntu0.16.04.1).
0 upgraded, 0 newly installed, 0 to remove and 0 not upgraded.
Reading package lists...
Building dependency tree...
Reading state information...
nvidia-settings is already the newest version (361.42-0ubuntu1).
0 upgraded, 0 newly installed, 0 to remove and 0 not upgraded.
Reading package lists...
Building dependency tree...
Reading state information...
nvidia-prime is already the newest version (0.8.2).
0 upgraded, 0 newly installed, 0 to remove and 0 not upgraded.
Reading package lists...
Building dependency tree...
Reading state information...
prime-indicator is already the newest version (0.1-1+git20150211~webupd8~1).
0 upgraded, 0 newly installed, 0 to remove and 0 not upgraded.
Reading package lists...
Building dependency tree...
Reading state information...
bumblebee is already the newest version (3.2.1-10).
0 upgraded, 0 newly installed, 0 to remove and 0 not upgraded.
Reading package lists...
Building dependency tree...
Reading state information...
bumblebee-nvidia is already the newest version (3.2.1-10).
0 upgraded, 0 newly installed, 0 to remove and 0 not upgraded.
Reading package lists...
Building dependency tree...
Reading state information...
microcode.ctl is already the newest version (1.18~0+nmu2).
0 upgraded, 0 newly installed, 0 to remove and 0 not upgraded.
Reading package lists...
Building dependency tree...
Reading state information...
intel-microcode is already the newest version (3.20151106.1).
0 upgraded, 0 newly installed, 0 to remove and 0 not upgraded.
Reading package lists...
Building dependency tree...
Reading state information...
preload is already the newest version (0.6.4-2).
0 upgraded, 0 newly installed, 0 to remove and 0 not upgraded.
Reading package lists...2017-02-18 22:49:52 URL:https://dl.discordapp.net/apps/linux/0.0.1/discord-0.0.1.deb [36757016/36757016] -> "discord.deb" [1]
dpkg: error: dpkg status database is locked by another process

Building dependency tree...
Reading state information...
E: Unable to locate package mint-meta-codecs
Reading package lists...
Building dependency tree...
Reading state information...
Package 'flashplugin-installer' is not installed, so not removed
0 upgraded, 0 newly installed, 0 to remove and 0 not upgraded.
Reading package lists...
Building dependency tree...
Reading state information...
libdvdread4 is already the newest version (5.0.3-1).
0 upgraded, 0 newly installed, 0 to remove and 0 not upgraded.
./setup.sh: 81: ./setup.sh: /usr/share/doc/libdvdread4/install-css.sh: not found
Reading package lists...
Building dependency tree...
Reading state information...
powertop is already the newest version (2.8-1build1).
0 upgraded, 0 newly installed, 0 to remove and 0 not upgraded.
Reading package lists...
Building dependency tree...
Reading state information...
htop is already the newest version (2.0.1-1ubuntu1).
0 upgraded, 0 newly installed, 0 to remove and 0 not upgraded.
Reading package lists...
Building dependency tree...
Reading state information...
neofetch is already the newest version (3.0.1-2~ubuntu16.04.1).
0 upgraded, 0 newly installed, 0 to remove and 0 not upgraded.
Reading package lists...
Building dependency tree...
Reading state information...
youtube-dl is already the newest version (1:2017.02.16-1~webupd8~xenial0).
0 upgraded, 0 newly installed, 0 to remove and 0 not upgraded.
Reading package lists...
Building dependency tree...
Reading state information...
libcurl3 is already the newest version (7.47.0-1ubuntu2.2).
0 upgraded, 0 newly installed, 0 to remove and 0 not upgraded.
Reading package lists...
Building dependency tree...
Reading state information...
libav-tools is already the newest version (7:2.8.11-0ubuntu0.16.04.1).
0 upgraded, 0 newly installed, 0 to remove and 0 not upgraded.
Reading package lists...
Building dependency tree...
Reading state information...
ffmpeg is already the newest version (7:2.8.11-0ubuntu0.16.04.1).
0 upgraded, 0 newly installed, 0 to remove and 0 not upgraded.
Reading package lists...
Building dependency tree...
Reading state information...
xclip is already the newest version (0.12+svn84-4).
0 upgraded, 0 newly installed, 0 to remove and 0 not upgraded.
Reading package lists...
Building dependency tree...
Reading state information...
p7zip-rar is already the newest version (9.20.1~ds.1-4).
0 upgraded, 0 newly installed, 0 to remove and 0 not upgraded.
Reading package lists...
Building dependency tree...
Reading state information...
p7zip-full is already the newest version (9.20.1~dfsg.1-4.2).
0 upgraded, 0 newly installed, 0 to remove and 0 not upgraded.
Reading package lists...
Building dependency tree...
Reading state information...
unace is already the newest version (1.2b-14).
0 upgraded, 0 newly installed, 0 to remove and 0 not upgraded.
Reading package lists...
Building dependency tree...
Reading state information...
unrar is already the newest version (1:5.3.2-1).
0 upgraded, 0 newly installed, 0 to remove and 0 not upgraded.
Reading package lists...
Building dependency tree...
Reading state information...
zip is already the newest version (3.0-11).
0 upgraded, 0 newly installed, 0 to remove and 0 not upgraded.
Reading package lists...
Building dependency tree...
Reading state information...
unzip is already the newest version (6.0-20ubuntu1).
0 upgraded, 0 newly installed, 0 to remove and 0 not upgraded.
Reading package lists...
Building dependency tree...
Reading state information...
sharutils is already the newest version (1:4.15.2-1).
0 upgraded, 0 newly installed, 0 to remove and 0 not upgraded.
Reading package lists...
Building dependency tree...
Reading state information...
rar is already the newest version (2:5.3.b2-1).
0 upgraded, 0 newly installed, 0 to remove and 0 not upgraded.
Reading package lists...
Building dependency tree...
Reading state information...
uudeview is already the newest version (0.5.20-3.4).
0 upgraded, 0 newly installed, 0 to remove and 0 not upgraded.
Reading package lists...
Building dependency tree...
Reading state information...
mpack is already the newest version (1.6-8).
0 upgraded, 0 newly installed, 0 to remove and 0 not upgraded.
Reading package lists...
Building dependency tree...
Reading state information...
arj is already the newest version (3.10.22-14).
0 upgraded, 0 newly installed, 0 to remove and 0 not upgraded.
Reading package lists...
Building dependency tree...
Reading state information...
cabextract is already the newest version (1.6-1).
0 upgraded, 0 newly installed, 0 to remove and 0 not upgraded.
Reading package lists...
Building dependency tree...
Reading state information...
file-roller is already the newest version (3.16.5-0ubuntu1.2).
0 upgraded, 0 newly installed, 0 to remove and 0 not upgraded.
Reading package lists...
Building dependency tree...
Reading state information...
redshift-gtk is already the newest version (1.10-5ubuntu1).
0 upgraded, 0 newly installed, 0 to remove and 0 not upgraded.
Reading package lists...
Building dependency tree...
Reading state information...
plank is already the newest version (0.11.1-1).
0 upgraded, 0 newly installed, 0 to remove and 0 not upgraded.
Reading package lists...
Building dependency tree...
Reading state information...
clipit is already the newest version (1.4.2-1ubuntu1).
0 upgraded, 0 newly installed, 0 to remove and 0 not upgraded.
Reading package lists...
Building dependency tree...
Reading state information...
tilda is already the newest version (1.3.1-1).
0 upgraded, 0 newly installed, 0 to remove and 0 not upgraded.
Reading package lists...
Building dependency tree...
Reading state information...
autokey-gtk is already the newest version (0.90.4-1).
0 upgraded, 0 newly installed, 0 to remove and 0 not upgraded.
Reading package lists...
Building dependency tree...
Reading state information...
variety is already the newest version (0.6.3-0~581~201611011859~ubuntu16.04.1).
0 upgraded, 0 newly installed, 0 to remove and 0 not upgraded.
Reading package lists...
Building dependency tree...
Reading state information...
spotify-client is already the newest version (1:1.0.48.103.g15edf1ec-121).
0 upgraded, 0 newly installed, 0 to remove and 0 not upgraded.
Reading package lists...
Building dependency tree...
Reading state information...
gnome-do is already the newest version (0.95.3-5).
0 upgraded, 0 newly installed, 0 to remove and 0 not upgraded.
Reading package lists...
Building dependency tree...
Reading state information...
numix-icon-theme-circle is already the newest version (2.0.3+13~201611240401~ubuntu16.04.1).
0 upgraded, 0 newly installed, 0 to remove and 0 not upgraded.
Reading package lists...
Building dependency tree...
Reading state information...
numix-icon-theme is already the newest version (0.3+875~201701252032~ubuntu16.04.1).
0 upgraded, 0 newly installed, 0 to remove and 0 not upgraded.
Reading package lists...
Building dependency tree...
Reading state information...
blender is already the newest version (2.76.b+dfsg0-3build1).
0 upgraded, 0 newly installed, 0 to remove and 0 not upgraded.
Reading package lists...
Building dependency tree...
Reading state information...
shotwell is already the newest version (0.22.0+git20160108.r1.f2fb1f7-0ubuntu1).
0 upgraded, 0 newly installed, 0 to remove and 0 not upgraded.
Reading package lists...
Building dependency tree...
Reading state information...
gimp is already the newest version (2.8.16-1ubuntu1.1).
0 upgraded, 0 newly installed, 0 to remove and 0 not upgraded.
Reading package lists...
Building dependency tree...
Reading state information...
shutter is already the newest version (0.93.1-1ubuntu1).
0 upgraded, 0 newly installed, 0 to remove and 0 not upgraded.
Reading package lists...
Building dependency tree...
Reading state information...
cheese is already the newest version (3.18.1-2ubuntu3).
0 upgraded, 0 newly installed, 0 to remove and 0 not upgraded.
Reading package lists...
Building dependency tree...
Reading state information...
pinta is already the newest version (1.6-2).
0 upgraded, 0 newly installed, 0 to remove and 0 not upgraded.
Reading package lists...
Building dependency tree...
Reading state information...
zim is already the newest version (0.65-2).
0 upgraded, 0 newly installed, 0 to remove and 0 not upgraded.
Reading package lists...
Building dependency tree...
Reading state information...
anki is already the newest version (2.0.32+dfsg-1).
0 upgraded, 0 newly installed, 0 to remove and 0 not upgraded.
Reading package lists...
Building dependency tree...
Reading state information...
cherrytree is already the newest version (0.36.4-1).
0 upgraded, 0 newly installed, 0 to remove and 0 not upgraded.
Reading package lists...
Building dependency tree...
Reading state information...
thunderbird is already the newest version (1:45.7.0+build1-0ubuntu0.16.04.1).
0 upgraded, 0 newly installed, 0 to remove and 0 not upgraded.
Reading package lists...
Building dependency tree...
Reading state information...
vagrant is already the newest version (1.8.1+dfsg-1).
0 upgraded, 0 newly installed, 0 to remove and 0 not upgraded.
Reading package lists...
Building dependency tree...
Reading state information...
virtualbox-qt is already the newest version (5.0.32-dfsg-0ubuntu1.16.04.2).
0 upgraded, 0 newly installed, 0 to remove and 0 not upgraded.
The user `jennifer' is already a member of `vboxusers'.
Reading package lists...
Building dependency tree...
Reading state information...
tor-browser is already the newest version (6.5-1~webupd8~0).
0 upgraded, 0 newly installed, 0 to remove and 0 not upgraded.
Reading package lists...
Building dependency tree...
Reading state information...
chromium-browser is already the newest version (55.0.2883.87-0ubuntu0.16.04.1263).
0 upgraded, 0 newly installed, 0 to remove and 0 not upgraded.
Reading package lists...
Building dependency tree...
Reading state information...
autoconf is already the newest version (2.69-9).
0 upgraded, 0 newly installed, 0 to remove and 0 not upgraded.
Reading package lists...
Building dependency tree...
Reading state information...
automake is already the newest version (1:1.15-4ubuntu1).
0 upgraded, 0 newly installed, 0 to remove and 0 not upgraded.
Reading package lists...
Building dependency tree...
Reading state information...
bison is already the newest version (2:3.0.4.dfsg-1).
0 upgraded, 0 newly installed, 0 to remove and 0 not upgraded.
Reading package lists...
Building dependency tree...
Reading state information...
build-essential is already the newest version (12.1ubuntu2).
0 upgraded, 0 newly installed, 0 to remove and 0 not upgraded.
Reading package lists...
Building dependency tree...
Reading state information...
curl is already the newest version (7.47.0-1ubuntu2.2).
0 upgraded, 0 newly installed, 0 to remove and 0 not upgraded.
Reading package lists...
Building dependency tree...
Reading state information...
git-core is already the newest version (1:2.7.4-0ubuntu1).
0 upgraded, 0 newly installed, 0 to remove and 0 not upgraded.
Reading package lists...
Building dependency tree...
Reading state information...
libapr1 is already the newest version (1.5.2-3).
0 upgraded, 0 newly installed, 0 to remove and 0 not upgraded.
Reading package lists...
Building dependency tree...
Reading state information...
libaprutil1 is already the newest version (1.5.4-1build1).
0 upgraded, 0 newly installed, 0 to remove and 0 not upgraded.
Reading package lists...
Building dependency tree...
Reading state information...
libc6-dev is already the newest version (2.23-0ubuntu5).
0 upgraded, 0 newly installed, 0 to remove and 0 not upgraded.
Reading package lists...
Building dependency tree...
Reading state information...
libltdl-dev is already the newest version (2.4.6-0.1).
0 upgraded, 0 newly installed, 0 to remove and 0 not upgraded.
Reading package lists...
Building dependency tree...
Reading state information...
libreadline6 is already the newest version (6.3-8ubuntu2).
0 upgraded, 0 newly installed, 0 to remove and 0 not upgraded.
Reading package lists...
Building dependency tree...
Reading state information...
libreadline6-dev is already the newest version (6.3-8ubuntu2).
0 upgraded, 0 newly installed, 0 to remove and 0 not upgraded.
Reading package lists...
Building dependency tree...
Reading state information...
libsqlite3-0 is already the newest version (3.11.0-1ubuntu1).
0 upgraded, 0 newly installed, 0 to remove and 0 not upgraded.
Reading package lists...
Building dependency tree...
Reading state information...
libsqlite3-dev is already the newest version (3.11.0-1ubuntu1).
0 upgraded, 0 newly installed, 0 to remove and 0 not upgraded.
Reading package lists...
Building dependency tree...
Reading state information...
libssl-dev is already the newest version (1.0.2g-1ubuntu4.6).
0 upgraded, 0 newly installed, 0 to remove and 0 not upgraded.
Reading package lists...
Building dependency tree...
Reading state information...
libtool is already the newest version (2.4.6-0.1).
0 upgraded, 0 newly installed, 0 to remove and 0 not upgraded.
Reading package lists...
Building dependency tree...
Reading state information...
libxml2-dev is already the newest version (2.9.3+dfsg1-1ubuntu0.1).
0 upgraded, 0 newly installed, 0 to remove and 0 not upgraded.
Reading package lists...
Building dependency tree...
Reading state information...
libxslt1-dev is already the newest version (1.1.28-2.1).
0 upgraded, 0 newly installed, 0 to remove and 0 not upgraded.
Reading package lists...
Building dependency tree...
Reading state information...
libxslt1-dev is already the newest version (1.1.28-2.1).
0 upgraded, 0 newly installed, 0 to remove and 0 not upgraded.
Reading package lists...
Building dependency tree...
Reading state information...
libyaml-dev is already the newest version (0.1.6-3).
0 upgraded, 0 newly installed, 0 to remove and 0 not upgraded.
Reading package lists...
Building dependency tree...
Reading state information...
libncurses5-dev is already the newest version (6.0+20160213-1ubuntu1).
0 upgraded, 0 newly installed, 0 to remove and 0 not upgraded.
Reading package lists...
Building dependency tree...
Reading state information...
nodejs is already the newest version (4.2.6~dfsg-1ubuntu4.1).
0 upgraded, 0 newly installed, 0 to remove and 0 not upgraded.
Reading package lists...
Building dependency tree...
Reading state information...
openssl is already the newest version (1.0.2g-1ubuntu4.6).
0 upgraded, 0 newly installed, 0 to remove and 0 not upgraded.
Reading package lists...
Building dependency tree...
Reading state information...
sqlite3 is already the newest version (3.11.0-1ubuntu1).
0 upgraded, 0 newly installed, 0 to remove and 0 not upgraded.
Reading package lists...
Building dependency tree...
Reading state information...
zlib1g is already the newest version (1:1.2.8.dfsg-2ubuntu4).
0 upgraded, 0 newly installed, 0 to remove and 0 not upgraded.
Reading package lists...
Building dependency tree...
Reading state information...
zlib1g-dev is already the newest version (1:1.2.8.dfsg-2ubuntu4).
0 upgraded, 0 newly installed, 0 to remove and 0 not upgraded.
gpg: requesting key D39DC0E3 from hkp server keys.gnupg.net
gpg: key D39DC0E3: "Michal Papis (RVM signing) <mpapis@gmail.com>" not changed
gpg: Total number processed: 1
gpg:              unchanged: 1
Downloading https://github.com/rvm/rvm/archive/1.29.0.tar.gz
Downloading https://github.com/rvm/rvm/releases/download/1.29.0/1.29.0.tar.gz.asc
gpg: Signature made Sun 12 Feb 2017 02:36:09 PM PST using RSA key ID BF04FF17
gpg: Good signature from "Michal Papis (RVM signing) <mpapis@gmail.com>" [unknown]
gpg: WARNING: This key is not certified with a trusted signature!
gpg:          There is no indication that the signature belongs to the owner.
Primary key fingerprint: 409B 6B17 96C2 7546 2A17  0311 3804 BB82 D39D C0E3
     Subkey fingerprint: 62C9 E5F4 DA30 0D94 AC36  166B E206 C29F BF04 FF17
GPG verified '/usr/local/rvm/archives/rvm-1.29.0.tgz'

Upgrading the RVM installation in /usr/local/rvm/
Upgrade of RVM in /usr/local/rvm/ is complete.

# Jennifer E. Volk,
#
#   Thank you for using RVM!
#   We sincerely hope that RVM helps to make your life easier and more enjoyable!!!
#
# ~Wayne, Michal & team.

In case of problems: [32mhttps://rvm.io/help [33mand [32mhttps://twitter.com/rvm_io

Upgrade Notes:

  * No new notes to display.

./setup.sh: 176: ./setup.sh: rvm: not found
./setup.sh: 177: ./setup.sh: rvm: not found
Successfully installed rails-5.0.1
Parsing documentation for rails-5.0.1
Done installing documentation for rails after 0 seconds
1 gem installed
OK
Reading package lists...
Building dependency tree...
Reading state information...
heroku is already the newest version (5.6.22-1).
0 upgraded, 0 newly installed, 0 to remove and 0 not upgraded.
2017-02-18 22:51:27 URL:https://release.gitkraken.com/linux/gitkraken-amd64.deb [71021864/71021864] -> "gitkracken.deb" [1]
(Reading database ... 262390 files and directories currently installed.)
Preparing to unpack gitkracken.deb ...
Unpacking gitkraken (2.1.0) over (2.1.0) ...
Setting up gitkraken (2.1.0) ...
Processing triggers for desktop-file-utils (0.22-1ubuntu5) ...
Processing triggers for bamfdaemon (0.5.3~bzr0+16.04.20160824-0ubuntu1) ...
Rebuilding /usr/share/applications/bamf-2.index...
Processing triggers for mime-support (3.59ubuntu1) ...
Reading package lists...
Building dependency tree...
Reading state information...
atom is already the newest version (1.14.2-1~webupd8~0).
0 upgraded, 0 newly installed, 0 to remove and 0 not upgraded.
Reading package lists...
Building dependency tree...
Reading state information...
sublime-text is already the newest version (2.0.2-1~webupd8~3).
0 upgraded, 0 newly installed, 0 to remove and 0 not upgraded.
Firewall is active and enabled on system startup
Reading package lists...
Building dependency tree...
Reading state information...
0 upgraded, 0 newly installed, 0 to remove and 0 not upgraded.
gpg: keyring `/tmp/tmpyitabckv/secring.gpg' created
gpg: keyring `/tmp/tmpyitabckv/pubring.gpg' created
gpg: requesting key 02D65EFF from hkp server keyserver.ubuntu.com
gpg: /tmp/tmpyitabckv/trustdb.gpg: trustdb created
gpg: key 02D65EFF: public key "Launchpad PPA for linrunner" imported
gpg: Total number processed: 1
gpg:               imported: 1  (RSA: 1)
OK
gpg: keyring `/tmp/tmpsxp5jotp/secring.gpg' created
gpg: keyring `/tmp/tmpsxp5jotp/pubring.gpg' created
gpg: requesting key A546BE4F from hkp server keyserver.ubuntu.com
gpg: /tmp/tmpsxp5jotp/trustdb.gpg: trustdb created
gpg: key A546BE4F: public key "Launchpad PPA for Peter Levi" imported
gpg: Total number processed: 1
gpg:               imported: 1  (RSA: 1)
OK
gpg: keyring `/tmp/tmp4q44t2oi/secring.gpg' created
gpg: keyring `/tmp/tmp4q44t2oi/pubring.gpg' created
gpg: requesting key 36FD5529 from hkp server keyserver.ubuntu.com
gpg: /tmp/tmp4q44t2oi/trustdb.gpg: trustdb created
gpg: key 36FD5529: public key "Launchpad PPA for atareao" imported
gpg: Total number processed: 1
gpg:               imported: 1  (RSA: 1)
OK
gpg: keyring `/tmp/tmp9jhjbmt0/secring.gpg' created
gpg: keyring `/tmp/tmp9jhjbmt0/pubring.gpg' created
gpg: requesting key 4221BA96 from hkp server keyserver.ubuntu.com
gpg: /tmp/tmp9jhjbmt0/trustdb.gpg: trustdb created
gpg: key 4221BA96: public key "Launchpad PPA for dawidd6" imported
gpg: Total number processed: 1
gpg:               imported: 1  (RSA: 1)
OK
gpg: keyring `/tmp/tmp88ns8q76/secring.gpg' created
gpg: keyring `/tmp/tmp88ns8q76/pubring.gpg' created
gpg: requesting key EEA14886 from hkp server keyserver.ubuntu.com
gpg: /tmp/tmp88ns8q76/trustdb.gpg: trustdb created
gpg: key EEA14886: public key "Launchpad VLC" imported
gpg: no ultimately trusted keys found
gpg: Total number processed: 1
gpg:               imported: 1  (RSA: 1)
OK
gpg: keyring `/tmp/tmpd5ocbmdm/secring.gpg' created
gpg: keyring `/tmp/tmpd5ocbmdm/pubring.gpg' created
gpg: requesting key 4C9D234C from hkp server keyserver.ubuntu.com
gpg: /tmp/tmpd5ocbmdm/trustdb.gpg: trustdb created
gpg: key 4C9D234C: public key "Launchpad webupd8" imported
gpg: Total number processed: 1
gpg:               imported: 1  (RSA: 1)
OK
gpg: keyring `/tmp/tmpsu5_ahi3/secring.gpg' created
gpg: keyring `/tmp/tmpsu5_ahi3/pubring.gpg' created
gpg: requesting key EEA14886 from hkp server keyserver.ubuntu.com
gpg: /tmp/tmpsu5_ahi3/trustdb.gpg: trustdb created
gpg: key EEA14886: public key "Launchpad VLC" imported
gpg: no ultimately trusted keys found
gpg: Total number processed: 1
gpg:               imported: 1  (RSA: 1)
OK
Executing: /tmp/tmp.spLUchL44K/gpg.1.sh --keyserver
hkp://keyserver.ubuntu.com:80
--recv-keys
BBEBDCB318AD50EC6865090613B00F1FD2C19886
gpg: requesting key D2C19886 from hkp server keyserver.ubuntu.com
gpg: key D2C19886: "Spotify Public Repository Signing Key <operations@spotify.com>" not changed
gpg: Total number processed: 1
gpg:              unchanged: 1
deb http://repository.spotify.com stable non-free
gpg: keyring `/tmp/tmpq_ithpnf/secring.gpg' created
gpg: keyring `/tmp/tmpq_ithpnf/pubring.gpg' created
gpg: requesting key 0F164EEB from hkp server keyserver.ubuntu.com
gpg: /tmp/tmpq_ithpnf/trustdb.gpg: trustdb created
gpg: key 0F164EEB: public key "Launchpad PPA for Numix Maintainers" imported
gpg: Total number processed: 1
gpg:               imported: 1  (RSA: 1)
OK
gpg: keyring `/tmp/tmpvlzjdvjt/secring.gpg' created
gpg: keyring `/tmp/tmpvlzjdvjt/pubring.gpg' created
gpg: requesting key EEA14886 from hkp server keyserver.ubuntu.com
gpg: /tmp/tmpvlzjdvjt/trustdb.gpg: trustdb created
gpg: key EEA14886: public key "Launchpad VLC" imported
gpg: no ultimately trusted keys found
gpg: Total number processed: 1
gpg:               imported: 1  (RSA: 1)
OK
sed: can't read /etc/apt/sources.list.d/official-package-repositories.list: No such file or directory
sed: can't read /etc/apt/sources.list.d/official-package-repositories.list: No such file or directory
sed: can't read /etc/apt/apt.conf.d/00recommends: No such file or directory
Hit:1 https://repo.skype.com/deb stable InRelease
Hit:2 http://us.archive.ubuntu.com/ubuntu xenial InRelease
Ign:3 https://cli-assets.heroku.com/branches/stable/apt ./ InRelease
Hit:4 http://repository.spotify.com stable InRelease
Get:5 http://security.ubuntu.com/ubuntu xenial-security InRelease [102 kB]
Hit:6 https://cli-assets.heroku.com/branches/stable/apt ./ Release
Get:7 http://us.archive.ubuntu.com/ubuntu xenial-updates InRelease [102 kB]
Get:8 https://cli-assets.heroku.com/branches/stable/apt ./ Release.gpg [473 B]
Hit:9 http://ppa.launchpad.net/atareao/telegram/ubuntu xenial InRelease
Hit:10 http://ppa.launchpad.net/dawidd0811/neofetch/ubuntu xenial InRelease
Hit:11 http://ppa.launchpad.net/linrunner/tlp/ubuntu xenial InRelease
Get:12 http://us.archive.ubuntu.com/ubuntu xenial-backports InRelease [102 kB]
Hit:13 http://ppa.launchpad.net/nilarimogard/webupd8/ubuntu xenial InRelease
Hit:14 http://ppa.launchpad.net/numix/ppa/ubuntu xenial InRelease
Hit:15 http://ppa.launchpad.net/peterlevi/ppa/ubuntu xenial InRelease
Hit:16 http://ppa.launchpad.net/webupd8team/atom/ubuntu xenial InRelease
Hit:17 http://ppa.launchpad.net/webupd8team/sublime-text-2/ubuntu xenial InRelease
Hit:18 http://ppa.launchpad.net/webupd8team/tor-browser/ubuntu xenial InRelease
Fetched 307 kB in 1s (186 kB/s)
Reading package lists...
Reading package lists...
Building dependency tree...
Reading state information...
telegram is already the newest version (1.0.5-0ubuntu0).
0 upgraded, 0 newly installed, 0 to remove and 0 not upgraded.
2017-02-18 22:53:25 URL:https://repo.skype.com/latest/skypeforlinux-64-alpha.deb [48086064/48086064] -> "skype.deb" [1]
(Reading database ... 262390 files and directories currently installed.)
Preparing to unpack skype.deb ...
Unpacking skypeforlinux (1.17.0.1) over (1.17.0.1) ...
Setting up skypeforlinux (1.17.0.1) ...
Processing triggers for desktop-file-utils (0.22-1ubuntu5) ...
Processing triggers for bamfdaemon (0.5.3~bzr0+16.04.20160824-0ubuntu1) ...
Rebuilding /usr/share/applications/bamf-2.index...
Processing triggers for mime-support (3.59ubuntu1) ...
Processing triggers for hicolor-icon-theme (0.15-0ubuntu1) ...
2017-02-18 22:53:56 URL:https://dl.discordapp.net/apps/linux/0.0.1/discord-0.0.1.deb [36757016/36757016] -> "discord.deb" [1]
Selecting previously unselected package discord.
(Reading database ... 262390 files and directories currently installed.)
Preparing to unpack discord.deb ...
Unpacking discord (0.0.1) ...
Setting up discord (0.0.1) ...
Processing triggers for desktop-file-utils (0.22-1ubuntu5) ...
Processing triggers for bamfdaemon (0.5.3~bzr0+16.04.20160824-0ubuntu1) ...
Rebuilding /usr/share/applications/bamf-2.index...
Processing triggers for mime-support (3.59ubuntu1) ...
2017-02-18 22:54:26 URL:https://getrambox.herokuapp.com/download/linux_64?filetype=deb [36689328/36689328] -> "rambox.deb" [1]
(Reading database ... 262475 files and directories currently installed.)
Preparing to unpack rambox.deb ...
Unpacking rambox (0.5.3-94) over (0.5.3-94) ...
Setting up rambox (0.5.3-94) ...
Processing triggers for desktop-file-utils (0.22-1ubuntu5) ...
Processing triggers for bamfdaemon (0.5.3~bzr0+16.04.20160824-0ubuntu1) ...
Rebuilding /usr/share/applications/bamf-2.index...
Processing triggers for mime-support (3.59ubuntu1) ...
Processing triggers for hicolor-icon-theme (0.15-0ubuntu1) ...
Reading package lists...
Building dependency tree...
Reading state information...
Calculating upgrade...
0 upgraded, 0 newly installed, 0 to remove and 0 not upgraded.
Reading package lists...
Building dependency tree...
Reading state information...
tlp is already the newest version (0.9-1~xenial).
0 upgraded, 0 newly installed, 0 to remove and 0 not upgraded.
Reading package lists...
Building dependency tree...
Reading state information...
tlp-rdw is already the newest version (0.9-1~xenial).
0 upgraded, 0 newly installed, 0 to remove and 0 not upgraded.
Reading package lists...
Building dependency tree...
Reading state information...
thermald is already the newest version (1.5-2ubuntu2).
0 upgraded, 0 newly installed, 0 to remove and 0 not upgraded.
Reading package lists...
Building dependency tree...
Reading state information...
nvidia-304 is already the newest version (304.134-0ubuntu0.16.04.1).
0 upgraded, 0 newly installed, 0 to remove and 0 not upgraded.
Reading package lists...
Building dependency tree...
Reading state information...
nvidia-settings is already the newest version (361.42-0ubuntu1).
0 upgraded, 0 newly installed, 0 to remove and 0 not upgraded.
Reading package lists...
Building dependency tree...
Reading state information...
nvidia-prime is already the newest version (0.8.2).
0 upgraded, 0 newly installed, 0 to remove and 0 not upgraded.
Reading package lists...
Building dependency tree...
Reading state information...
prime-indicator is already the newest version (0.1-1+git20150211~webupd8~1).
0 upgraded, 0 newly installed, 0 to remove and 0 not upgraded.
Reading package lists...
Building dependency tree...
Reading state information...
bumblebee is already the newest version (3.2.1-10).
0 upgraded, 0 newly installed, 0 to remove and 0 not upgraded.
Reading package lists...
Building dependency tree...
Reading state information...
bumblebee-nvidia is already the newest version (3.2.1-10).
0 upgraded, 0 newly installed, 0 to remove and 0 not upgraded.
Reading package lists...
Building dependency tree...
Reading state information...
microcode.ctl is already the newest version (1.18~0+nmu2).
0 upgraded, 0 newly installed, 0 to remove and 0 not upgraded.
Reading package lists...
Building dependency tree...
Reading state information...
intel-microcode is already the newest version (3.20151106.1).
0 upgraded, 0 newly installed, 0 to remove and 0 not upgraded.
Reading package lists...
Building dependency tree...
Reading state information...
preload is already the newest version (0.6.4-2).
0 upgraded, 0 newly installed, 0 to remove and 0 not upgraded.
Reading package lists...
Building dependency tree...
Reading state information...
E: Unable to locate package mint-meta-codecs
Reading package lists...
Building dependency tree...
Reading state information...
Package 'flashplugin-installer' is not installed, so not removed
0 upgraded, 0 newly installed, 0 to remove and 0 not upgraded.
Reading package lists...
Building dependency tree...
Reading state information...
libdvdread4 is already the newest version (5.0.3-1).
0 upgraded, 0 newly installed, 0 to remove and 0 not upgraded.
./setup.sh: 81: ./setup.sh: /usr/share/doc/libdvdread4/install-css.sh: not found
Reading package lists...
Building dependency tree...
Reading state information...
powertop is already the newest version (2.8-1build1).
0 upgraded, 0 newly installed, 0 to remove and 0 not upgraded.
Reading package lists...
Building dependency tree...
Reading state information...
htop is already the newest version (2.0.1-1ubuntu1).
0 upgraded, 0 newly installed, 0 to remove and 0 not upgraded.
Reading package lists...
Building dependency tree...
Reading state information...
neofetch is already the newest version (3.0.1-2~ubuntu16.04.1).
0 upgraded, 0 newly installed, 0 to remove and 0 not upgraded.
Reading package lists...
Building dependency tree...
Reading state information...
youtube-dl is already the newest version (1:2017.02.16-1~webupd8~xenial0).
0 upgraded, 0 newly installed, 0 to remove and 0 not upgraded.
Reading package lists...
Building dependency tree...
Reading state information...
libcurl3 is already the newest version (7.47.0-1ubuntu2.2).
0 upgraded, 0 newly installed, 0 to remove and 0 not upgraded.
Reading package lists...
Building dependency tree...
Reading state information...
libav-tools is already the newest version (7:2.8.11-0ubuntu0.16.04.1).
0 upgraded, 0 newly installed, 0 to remove and 0 not upgraded.
Reading package lists...
Building dependency tree...
Reading state information...
ffmpeg is already the newest version (7:2.8.11-0ubuntu0.16.04.1).
0 upgraded, 0 newly installed, 0 to remove and 0 not upgraded.
Reading package lists...
Building dependency tree...
Reading state information...
xclip is already the newest version (0.12+svn84-4).
0 upgraded, 0 newly installed, 0 to remove and 0 not upgraded.
Reading package lists...
Building dependency tree...
Reading state information...
p7zip-rar is already the newest version (9.20.1~ds.1-4).
0 upgraded, 0 newly installed, 0 to remove and 0 not upgraded.
Reading package lists...
Building dependency tree...
Reading state information...
p7zip-full is already the newest version (9.20.1~dfsg.1-4.2).
0 upgraded, 0 newly installed, 0 to remove and 0 not upgraded.
Reading package lists...
Building dependency tree...
Reading state information...
unace is already the newest version (1.2b-14).
0 upgraded, 0 newly installed, 0 to remove and 0 not upgraded.
Reading package lists...
Building dependency tree...
Reading state information...
unrar is already the newest version (1:5.3.2-1).
0 upgraded, 0 newly installed, 0 to remove and 0 not upgraded.
Reading package lists...
Building dependency tree...
Reading state information...
zip is already the newest version (3.0-11).
0 upgraded, 0 newly installed, 0 to remove and 0 not upgraded.
Reading package lists...
Building dependency tree...
Reading state information...
unzip is already the newest version (6.0-20ubuntu1).
0 upgraded, 0 newly installed, 0 to remove and 0 not upgraded.
Reading package lists...
Building dependency tree...
Reading state information...
sharutils is already the newest version (1:4.15.2-1).
0 upgraded, 0 newly installed, 0 to remove and 0 not upgraded.
Reading package lists...
Building dependency tree...
Reading state information...
rar is already the newest version (2:5.3.b2-1).
0 upgraded, 0 newly installed, 0 to remove and 0 not upgraded.
Reading package lists...
Building dependency tree...
Reading state information...
uudeview is already the newest version (0.5.20-3.4).
0 upgraded, 0 newly installed, 0 to remove and 0 not upgraded.
Reading package lists...
Building dependency tree...
Reading state information...
mpack is already the newest version (1.6-8).
0 upgraded, 0 newly installed, 0 to remove and 0 not upgraded.
Reading package lists...
Building dependency tree...
Reading state information...
arj is already the newest version (3.10.22-14).
0 upgraded, 0 newly installed, 0 to remove and 0 not upgraded.
Reading package lists...
Building dependency tree...
Reading state information...
cabextract is already the newest version (1.6-1).
0 upgraded, 0 newly installed, 0 to remove and 0 not upgraded.
Reading package lists...
Building dependency tree...
Reading state information...
file-roller is already the newest version (3.16.5-0ubuntu1.2).
0 upgraded, 0 newly installed, 0 to remove and 0 not upgraded.
Reading package lists...
Building dependency tree...
Reading state information...
redshift-gtk is already the newest version (1.10-5ubuntu1).
0 upgraded, 0 newly installed, 0 to remove and 0 not upgraded.
Reading package lists...
Building dependency tree...
Reading state information...
plank is already the newest version (0.11.1-1).
0 upgraded, 0 newly installed, 0 to remove and 0 not upgraded.
Reading package lists...
Building dependency tree...
Reading state information...
clipit is already the newest version (1.4.2-1ubuntu1).
0 upgraded, 0 newly installed, 0 to remove and 0 not upgraded.
Reading package lists...
Building dependency tree...
Reading state information...
tilda is already the newest version (1.3.1-1).
0 upgraded, 0 newly installed, 0 to remove and 0 not upgraded.
Reading package lists...
Building dependency tree...
Reading state information...
autokey-gtk is already the newest version (0.90.4-1).
0 upgraded, 0 newly installed, 0 to remove and 0 not upgraded.
Reading package lists...
Building dependency tree...
Reading state information...
variety is already the newest version (0.6.3-0~581~201611011859~ubuntu16.04.1).
0 upgraded, 0 newly installed, 0 to remove and 0 not upgraded.
Reading package lists...
Building dependency tree...
Reading state information...
spotify-client is already the newest version (1:1.0.48.103.g15edf1ec-121).
0 upgraded, 0 newly installed, 0 to remove and 0 not upgraded.
Reading package lists...
Building dependency tree...
Reading state information...
gnome-do is already the newest version (0.95.3-5).
0 upgraded, 0 newly installed, 0 to remove and 0 not upgraded.
Reading package lists...
Building dependency tree...
Reading state information...
numix-icon-theme-circle is already the newest version (2.0.3+13~201611240401~ubuntu16.04.1).
0 upgraded, 0 newly installed, 0 to remove and 0 not upgraded.
Reading package lists...
Building dependency tree...
Reading state information...
numix-icon-theme is already the newest version (0.3+875~201701252032~ubuntu16.04.1).
0 upgraded, 0 newly installed, 0 to remove and 0 not upgraded.
Reading package lists...
Building dependency tree...
Reading state information...
blender is already the newest version (2.76.b+dfsg0-3build1).
0 upgraded, 0 newly installed, 0 to remove and 0 not upgraded.
Reading package lists...
Building dependency tree...
Reading state information...
shotwell is already the newest version (0.22.0+git20160108.r1.f2fb1f7-0ubuntu1).
0 upgraded, 0 newly installed, 0 to remove and 0 not upgraded.
Reading package lists...
Building dependency tree...
Reading state information...
gimp is already the newest version (2.8.16-1ubuntu1.1).
0 upgraded, 0 newly installed, 0 to remove and 0 not upgraded.
Reading package lists...
Building dependency tree...
Reading state information...
shutter is already the newest version (0.93.1-1ubuntu1).
0 upgraded, 0 newly installed, 0 to remove and 0 not upgraded.
Reading package lists...
Building dependency tree...
Reading state information...
cheese is already the newest version (3.18.1-2ubuntu3).
0 upgraded, 0 newly installed, 0 to remove and 0 not upgraded.
Reading package lists...
Building dependency tree...
Reading state information...
pinta is already the newest version (1.6-2).
0 upgraded, 0 newly installed, 0 to remove and 0 not upgraded.
Reading package lists...
Building dependency tree...
Reading state information...
zim is already the newest version (0.65-2).
0 upgraded, 0 newly installed, 0 to remove and 0 not upgraded.
Reading package lists...
Building dependency tree...
Reading state information...
anki is already the newest version (2.0.32+dfsg-1).
0 upgraded, 0 newly installed, 0 to remove and 0 not upgraded.
Reading package lists...
Building dependency tree...
Reading state information...
cherrytree is already the newest version (0.36.4-1).
0 upgraded, 0 newly installed, 0 to remove and 0 not upgraded.
Reading package lists...
Building dependency tree...
Reading state information...
thunderbird is already the newest version (1:45.7.0+build1-0ubuntu0.16.04.1).
0 upgraded, 0 newly installed, 0 to remove and 0 not upgraded.
Reading package lists...
Building dependency tree...
Reading state information...
vagrant is already the newest version (1.8.1+dfsg-1).
0 upgraded, 0 newly installed, 0 to remove and 0 not upgraded.
Reading package lists...
Building dependency tree...
Reading state information...
virtualbox-qt is already the newest version (5.0.32-dfsg-0ubuntu1.16.04.2).
0 upgraded, 0 newly installed, 0 to remove and 0 not upgraded.
The user `jennifer' is already a member of `vboxusers'.
Reading package lists...
Building dependency tree...
Reading state information...
tor-browser is already the newest version (6.5-1~webupd8~0).
0 upgraded, 0 newly installed, 0 to remove and 0 not upgraded.
Reading package lists...
Building dependency tree...
Reading state information...
chromium-browser is already the newest version (55.0.2883.87-0ubuntu0.16.04.1263).
0 upgraded, 0 newly installed, 0 to remove and 0 not upgraded.
Reading package lists...
Building dependency tree...
Reading state information...
autoconf is already the newest version (2.69-9).
0 upgraded, 0 newly installed, 0 to remove and 0 not upgraded.
Reading package lists...
Building dependency tree...
Reading state information...
automake is already the newest version (1:1.15-4ubuntu1).
0 upgraded, 0 newly installed, 0 to remove and 0 not upgraded.
Reading package lists...
Building dependency tree...
Reading state information...
bison is already the newest version (2:3.0.4.dfsg-1).
0 upgraded, 0 newly installed, 0 to remove and 0 not upgraded.
Reading package lists...
Building dependency tree...
Reading state information...
build-essential is already the newest version (12.1ubuntu2).
0 upgraded, 0 newly installed, 0 to remove and 0 not upgraded.
Reading package lists...
Building dependency tree...
Reading state information...
curl is already the newest version (7.47.0-1ubuntu2.2).
0 upgraded, 0 newly installed, 0 to remove and 0 not upgraded.
Reading package lists...
Building dependency tree...
Reading state information...
git-core is already the newest version (1:2.7.4-0ubuntu1).
0 upgraded, 0 newly installed, 0 to remove and 0 not upgraded.
Reading package lists...
Building dependency tree...
Reading state information...
libapr1 is already the newest version (1.5.2-3).
0 upgraded, 0 newly installed, 0 to remove and 0 not upgraded.
Reading package lists...
Building dependency tree...
Reading state information...
libaprutil1 is already the newest version (1.5.4-1build1).
0 upgraded, 0 newly installed, 0 to remove and 0 not upgraded.
Reading package lists...
Building dependency tree...
Reading state information...
libc6-dev is already the newest version (2.23-0ubuntu5).
0 upgraded, 0 newly installed, 0 to remove and 0 not upgraded.
Reading package lists...
Building dependency tree...
Reading state information...
libltdl-dev is already the newest version (2.4.6-0.1).
0 upgraded, 0 newly installed, 0 to remove and 0 not upgraded.
Reading package lists...
Building dependency tree...
Reading state information...
libreadline6 is already the newest version (6.3-8ubuntu2).
0 upgraded, 0 newly installed, 0 to remove and 0 not upgraded.
Reading package lists...
Building dependency tree...
Reading state information...
libreadline6-dev is already the newest version (6.3-8ubuntu2).
0 upgraded, 0 newly installed, 0 to remove and 0 not upgraded.
Reading package lists...
Building dependency tree...
Reading state information...
libsqlite3-0 is already the newest version (3.11.0-1ubuntu1).
0 upgraded, 0 newly installed, 0 to remove and 0 not upgraded.
Reading package lists...
Building dependency tree...
Reading state information...
libsqlite3-dev is already the newest version (3.11.0-1ubuntu1).
0 upgraded, 0 newly installed, 0 to remove and 0 not upgraded.
Reading package lists...
Building dependency tree...
Reading state information...
libssl-dev is already the newest version (1.0.2g-1ubuntu4.6).
0 upgraded, 0 newly installed, 0 to remove and 0 not upgraded.
Reading package lists...
Building dependency tree...
Reading state information...
libtool is already the newest version (2.4.6-0.1).
0 upgraded, 0 newly installed, 0 to remove and 0 not upgraded.
Reading package lists...
Building dependency tree...
Reading state information...
libxml2-dev is already the newest version (2.9.3+dfsg1-1ubuntu0.1).
0 upgraded, 0 newly installed, 0 to remove and 0 not upgraded.
Reading package lists...
Building dependency tree...
Reading state information...
libxslt1-dev is already the newest version (1.1.28-2.1).
0 upgraded, 0 newly installed, 0 to remove and 0 not upgraded.
Reading package lists...
Building dependency tree...
Reading state information...
libxslt1-dev is already the newest version (1.1.28-2.1).
0 upgraded, 0 newly installed, 0 to remove and 0 not upgraded.
Reading package lists...
Building dependency tree...
Reading state information...
libyaml-dev is already the newest version (0.1.6-3).
0 upgraded, 0 newly installed, 0 to remove and 0 not upgraded.
Reading package lists...
Building dependency tree...
Reading state information...
libncurses5-dev is already the newest version (6.0+20160213-1ubuntu1).
0 upgraded, 0 newly installed, 0 to remove and 0 not upgraded.
Reading package lists...
Building dependency tree...
Reading state information...
nodejs is already the newest version (4.2.6~dfsg-1ubuntu4.1).
0 upgraded, 0 newly installed, 0 to remove and 0 not upgraded.
Reading package lists...
Building dependency tree...
Reading state information...
openssl is already the newest version (1.0.2g-1ubuntu4.6).
0 upgraded, 0 newly installed, 0 to remove and 0 not upgraded.
Reading package lists...
Building dependency tree...
Reading state information...
sqlite3 is already the newest version (3.11.0-1ubuntu1).
0 upgraded, 0 newly installed, 0 to remove and 0 not upgraded.
Reading package lists...
Building dependency tree...
Reading state information...
zlib1g is already the newest version (1:1.2.8.dfsg-2ubuntu4).
0 upgraded, 0 newly installed, 0 to remove and 0 not upgraded.
Reading package lists...
Building dependency tree...
Reading state information...
zlib1g-dev is already the newest version (1:1.2.8.dfsg-2ubuntu4).
0 upgraded, 0 newly installed, 0 to remove and 0 not upgraded.
gpg: requesting key D39DC0E3 from hkp server keys.gnupg.net
gpg: key D39DC0E3: "Michal Papis (RVM signing) <mpapis@gmail.com>" not changed
gpg: Total number processed: 1
gpg:              unchanged: 1
Downloading https://github.com/rvm/rvm/archive/1.29.0.tar.gz
Downloading https://github.com/rvm/rvm/releases/download/1.29.0/1.29.0.tar.gz.asc
gpg: Signature made Sun 12 Feb 2017 02:36:09 PM PST using RSA key ID BF04FF17
gpg: Good signature from "Michal Papis (RVM signing) <mpapis@gmail.com>" [unknown]
gpg: WARNING: This key is not certified with a trusted signature!
gpg:          There is no indication that the signature belongs to the owner.
Primary key fingerprint: 409B 6B17 96C2 7546 2A17  0311 3804 BB82 D39D C0E3
     Subkey fingerprint: 62C9 E5F4 DA30 0D94 AC36  166B E206 C29F BF04 FF17
GPG verified '/usr/local/rvm/archives/rvm-1.29.0.tgz'

Upgrading the RVM installation in /usr/local/rvm/
Upgrade of RVM in /usr/local/rvm/ is complete.

# Jennifer E. Volk,
#
#   Thank you for using RVM!
#   We sincerely hope that RVM helps to make your life easier and more enjoyable!!!
#
# ~Wayne, Michal & team.

In case of problems: [32mhttps://rvm.io/help [33mand [32mhttps://twitter.com/rvm_io

Upgrade Notes:

  * No new notes to display.

./setup.sh: 176: ./setup.sh: rvm: not found
./setup.sh: 177: ./setup.sh: rvm: not found
Successfully installed rails-5.0.1
Parsing documentation for rails-5.0.1
Done installing documentation for rails after 0 seconds
1 gem installed
OK
Reading package lists...
Building dependency tree...
Reading state information...
heroku is already the newest version (5.6.22-1).
0 upgraded, 0 newly installed, 0 to remove and 0 not upgraded.
2017-02-18 22:56:16 URL:https://release.gitkraken.com/linux/gitkraken-amd64.deb [71021864/71021864] -> "gitkracken.deb" [1]
(Reading database ... 262475 files and directories currently installed.)
Preparing to unpack gitkracken.deb ...
Unpacking gitkraken (2.1.0) over (2.1.0) ...
Setting up gitkraken (2.1.0) ...
Processing triggers for desktop-file-utils (0.22-1ubuntu5) ...
Processing triggers for bamfdaemon (0.5.3~bzr0+16.04.20160824-0ubuntu1) ...
Rebuilding /usr/share/applications/bamf-2.index...
Processing triggers for mime-support (3.59ubuntu1) ...
Reading package lists...
Building dependency tree...
Reading state information...
atom is already the newest version (1.14.2-1~webupd8~0).
0 upgraded, 0 newly installed, 0 to remove and 0 not upgraded.
Reading package lists...
Building dependency tree...
Reading state information...
sublime-text is already the newest version (2.0.2-1~webupd8~3).
0 upgraded, 0 newly installed, 0 to remove and 0 not upgraded.
Firewall is active and enabled on system startup
Reading package lists...
Building dependency tree...
Reading state information...
0 upgraded, 0 newly installed, 0 to remove and 0 not upgraded.
gpg: keyring `/tmp/tmppn5mw0ah/secring.gpg' created
gpg: keyring `/tmp/tmppn5mw0ah/pubring.gpg' created
gpg: requesting key 02D65EFF from hkp server keyserver.ubuntu.com
gpg: /tmp/tmppn5mw0ah/trustdb.gpg: trustdb created
gpg: key 02D65EFF: public key "Launchpad PPA for linrunner" imported
gpg: Total number processed: 1
gpg:               imported: 1  (RSA: 1)
OK
gpg: keyring `/tmp/tmpdfqnfuhe/secring.gpg' created
gpg: keyring `/tmp/tmpdfqnfuhe/pubring.gpg' created
gpg: requesting key A546BE4F from hkp server keyserver.ubuntu.com
gpg: /tmp/tmpdfqnfuhe/trustdb.gpg: trustdb created
gpg: key A546BE4F: public key "Launchpad PPA for Peter Levi" imported
gpg: Total number processed: 1
gpg:               imported: 1  (RSA: 1)
OK
gpg: keyring `/tmp/tmpw63fvilw/secring.gpg' created
gpg: keyring `/tmp/tmpw63fvilw/pubring.gpg' created
gpg: requesting key 36FD5529 from hkp server keyserver.ubuntu.com
gpg: /tmp/tmpw63fvilw/trustdb.gpg: trustdb created
gpg: key 36FD5529: public key "Launchpad PPA for atareao" imported
gpg: Total number processed: 1
gpg:               imported: 1  (RSA: 1)
OK
gpg: keyring `/tmp/tmptofxvckq/secring.gpg' created
gpg: keyring `/tmp/tmptofxvckq/pubring.gpg' created
gpg: requesting key 4221BA96 from hkp server keyserver.ubuntu.com
gpg: /tmp/tmptofxvckq/trustdb.gpg: trustdb created
gpg: key 4221BA96: public key "Launchpad PPA for dawidd6" imported
gpg: Total number processed: 1
gpg:               imported: 1  (RSA: 1)
OK
gpg: keyring `/tmp/tmpzut7l5nx/secring.gpg' created
gpg: keyring `/tmp/tmpzut7l5nx/pubring.gpg' created
gpg: requesting key EEA14886 from hkp server keyserver.ubuntu.com
gpg: /tmp/tmpzut7l5nx/trustdb.gpg: trustdb created
gpg: key EEA14886: public key "Launchpad VLC" imported
gpg: no ultimately trusted keys found
gpg: Total number processed: 1
gpg:               imported: 1  (RSA: 1)
OK
gpg: keyring `/tmp/tmpnnpgoh52/secring.gpg' created
gpg: keyring `/tmp/tmpnnpgoh52/pubring.gpg' created
gpg: requesting key 4C9D234C from hkp server keyserver.ubuntu.com
gpg: /tmp/tmpnnpgoh52/trustdb.gpg: trustdb created
gpg: key 4C9D234C: public key "Launchpad webupd8" imported
gpg: Total number processed: 1
gpg:               imported: 1  (RSA: 1)
OK
gpg: keyring `/tmp/tmp3oieil6_/secring.gpg' created
gpg: keyring `/tmp/tmp3oieil6_/pubring.gpg' created
gpg: requesting key EEA14886 from hkp server keyserver.ubuntu.com
gpg: /tmp/tmp3oieil6_/trustdb.gpg: trustdb created
gpg: key EEA14886: public key "Launchpad VLC" imported
gpg: no ultimately trusted keys found
gpg: Total number processed: 1
gpg:               imported: 1  (RSA: 1)
OK
Executing: /tmp/tmp.PkTqKN848j/gpg.1.sh --keyserver
hkp://keyserver.ubuntu.com:80
--recv-keys
BBEBDCB318AD50EC6865090613B00F1FD2C19886
gpg: requesting key D2C19886 from hkp server keyserver.ubuntu.com
gpg: key D2C19886: "Spotify Public Repository Signing Key <operations@spotify.com>" not changed
gpg: Total number processed: 1
gpg:              unchanged: 1
deb http://repository.spotify.com stable non-free
gpg: keyring `/tmp/tmp5_ihgd50/secring.gpg' created
gpg: keyring `/tmp/tmp5_ihgd50/pubring.gpg' created
gpg: requesting key 0F164EEB from hkp server keyserver.ubuntu.com
gpg: /tmp/tmp5_ihgd50/trustdb.gpg: trustdb created
gpg: key 0F164EEB: public key "Launchpad PPA for Numix Maintainers" imported
gpg: Total number processed: 1
gpg:               imported: 1  (RSA: 1)
OK
gpg: keyring `/tmp/tmp6oelu1fx/secring.gpg' created
gpg: keyring `/tmp/tmp6oelu1fx/pubring.gpg' created
gpg: requesting key EEA14886 from hkp server keyserver.ubuntu.com
gpg: /tmp/tmp6oelu1fx/trustdb.gpg: trustdb created
gpg: key EEA14886: public key "Launchpad VLC" imported
gpg: no ultimately trusted keys found
gpg: Total number processed: 1
gpg:               imported: 1  (RSA: 1)
OK
sed: can't read /etc/apt/sources.list.d/official-package-repositories.list: No such file or directory
sed: can't read /etc/apt/sources.list.d/official-package-repositories.list: No such file or directory
sed: can't read /etc/apt/apt.conf.d/00recommends: No such file or directory
Get:1 http://security.ubuntu.com/ubuntu xenial-security InRelease [102 kB]
Hit:2 http://us.archive.ubuntu.com/ubuntu xenial InRelease
Hit:3 https://repo.skype.com/deb stable InRelease
Get:4 http://us.archive.ubuntu.com/ubuntu xenial-updates InRelease [102 kB]
Hit:5 http://repository.spotify.com stable InRelease
Hit:6 http://ppa.launchpad.net/atareao/telegram/ubuntu xenial InRelease
Hit:7 http://ppa.launchpad.net/dawidd0811/neofetch/ubuntu xenial InRelease
Ign:8 https://cli-assets.heroku.com/branches/stable/apt ./ InRelease
Hit:9 http://ppa.launchpad.net/linrunner/tlp/ubuntu xenial InRelease
Get:10 http://us.archive.ubuntu.com/ubuntu xenial-backports InRelease [102 kB]
Hit:11 http://ppa.launchpad.net/nilarimogard/webupd8/ubuntu xenial InRelease
Hit:12 https://cli-assets.heroku.com/branches/stable/apt ./ Release
Hit:13 http://ppa.launchpad.net/numix/ppa/ubuntu xenial InRelease
Hit:14 http://ppa.launchpad.net/peterlevi/ppa/ubuntu xenial InRelease
Hit:15 http://ppa.launchpad.net/webupd8team/atom/ubuntu xenial InRelease
Hit:16 http://ppa.launchpad.net/webupd8team/sublime-text-2/ubuntu xenial InRelease
Get:17 https://cli-assets.heroku.com/branches/stable/apt ./ Release.gpg [473 B]
Hit:18 http://ppa.launchpad.net/webupd8team/tor-browser/ubuntu xenial InRelease
Fetched 307 kB in 1s (183 kB/s)
Reading package lists...
Reading package lists...
Building dependency tree...
Reading state information...
telegram is already the newest version (1.0.5-0ubuntu0).
0 upgraded, 0 newly installed, 0 to remove and 0 not upgraded.
2017-02-18 23:01:55 URL:https://repo.skype.com/latest/skypeforlinux-64-alpha.deb [48086064/48086064] -> "skype.deb" [1]
(Reading database ... 262475 files and directories currently installed.)
Preparing to unpack skype.deb ...
Unpacking skypeforlinux (1.17.0.1) over (1.17.0.1) ...
Setting up skypeforlinux (1.17.0.1) ...
Processing triggers for desktop-file-utils (0.22-1ubuntu5) ...
Processing triggers for bamfdaemon (0.5.3~bzr0+16.04.20160824-0ubuntu1) ...
Rebuilding /usr/share/applications/bamf-2.index...
Processing triggers for mime-support (3.59ubuntu1) ...
Processing triggers for hicolor-icon-theme (0.15-0ubuntu1) ...
2017-02-18 23:02:25 URL:https://dl.discordapp.net/apps/linux/0.0.1/discord-0.0.1.deb [36757016/36757016] -> "discord.deb" [1]
(Reading database ... 262475 files and directories currently installed.)
Preparing to unpack discord.deb ...
Unpacking discord (0.0.1) over (0.0.1) ...
Setting up discord (0.0.1) ...
Processing triggers for desktop-file-utils (0.22-1ubuntu5) ...
Processing triggers for bamfdaemon (0.5.3~bzr0+16.04.20160824-0ubuntu1) ...
Rebuilding /usr/share/applications/bamf-2.index...
Processing triggers for mime-support (3.59ubuntu1) ...
2017-02-18 23:02:55 URL:https://getrambox.herokuapp.com/download/linux_64?filetype=deb [36689328/36689328] -> "rambox.deb" [1]
(Reading database ... 262475 files and directories currently installed.)
Preparing to unpack rambox.deb ...
Unpacking rambox (0.5.3-94) over (0.5.3-94) ...
Setting up rambox (0.5.3-94) ...
Processing triggers for desktop-file-utils (0.22-1ubuntu5) ...
Processing triggers for bamfdaemon (0.5.3~bzr0+16.04.20160824-0ubuntu1) ...
Rebuilding /usr/share/applications/bamf-2.index...
Processing triggers for mime-support (3.59ubuntu1) ...
Processing triggers for hicolor-icon-theme (0.15-0ubuntu1) ...
Reading package lists...
Building dependency tree...
Reading state information...
Calculating upgrade...
0 upgraded, 0 newly installed, 0 to remove and 0 not upgraded.
Reading package lists...
Building dependency tree...
Reading state information...
tlp is already the newest version (0.9-1~xenial).
0 upgraded, 0 newly installed, 0 to remove and 0 not upgraded.
Reading package lists...
Building dependency tree...
Reading state information...
tlp-rdw is already the newest version (0.9-1~xenial).
0 upgraded, 0 newly installed, 0 to remove and 0 not upgraded.
Reading package lists...
Building dependency tree...
Reading state information...
thermald is already the newest version (1.5-2ubuntu2).
0 upgraded, 0 newly installed, 0 to remove and 0 not upgraded.
Reading package lists...
Building dependency tree...
Reading state information...
nvidia-304 is already the newest version (304.134-0ubuntu0.16.04.1).
0 upgraded, 0 newly installed, 0 to remove and 0 not upgraded.
Reading package lists...
Building dependency tree...
Reading state information...
nvidia-settings is already the newest version (361.42-0ubuntu1).
0 upgraded, 0 newly installed, 0 to remove and 0 not upgraded.
Reading package lists...
Building dependency tree...
Reading state information...
nvidia-prime is already the newest version (0.8.2).
0 upgraded, 0 newly installed, 0 to remove and 0 not upgraded.
Reading package lists...
Building dependency tree...
Reading state information...
prime-indicator is already the newest version (0.1-1+git20150211~webupd8~1).
0 upgraded, 0 newly installed, 0 to remove and 0 not upgraded.
Reading package lists...
Building dependency tree...
Reading state information...
bumblebee is already the newest version (3.2.1-10).
0 upgraded, 0 newly installed, 0 to remove and 0 not upgraded.
Reading package lists...
Building dependency tree...
Reading state information...
bumblebee-nvidia is already the newest version (3.2.1-10).
0 upgraded, 0 newly installed, 0 to remove and 0 not upgraded.
Reading package lists...
Building dependency tree...
Reading state information...
microcode.ctl is already the newest version (1.18~0+nmu2).
0 upgraded, 0 newly installed, 0 to remove and 0 not upgraded.
Reading package lists...
Building dependency tree...
Reading state information...
intel-microcode is already the newest version (3.20151106.1).
0 upgraded, 0 newly installed, 0 to remove and 0 not upgraded.
Reading package lists...
Building dependency tree...
Reading state information...
preload is already the newest version (0.6.4-2).
0 upgraded, 0 newly installed, 0 to remove and 0 not upgraded.
Reading package lists...
Building dependency tree...
Reading state information...
E: Unable to locate package mint-meta-codecs
Reading package lists...
Building dependency tree...
Reading state information...
Package 'flashplugin-installer' is not installed, so not removed
0 upgraded, 0 newly installed, 0 to remove and 0 not upgraded.
Reading package lists...
Building dependency tree...
Reading state information...
libdvdread4 is already the newest version (5.0.3-1).
0 upgraded, 0 newly installed, 0 to remove and 0 not upgraded.
./setup.sh: 81: ./setup.sh: /usr/share/doc/libdvdread4/install-css.sh: not found
Reading package lists...
Building dependency tree...
Reading state information...
powertop is already the newest version (2.8-1build1).
0 upgraded, 0 newly installed, 0 to remove and 0 not upgraded.
Reading package lists...
Building dependency tree...
Reading state information...
htop is already the newest version (2.0.1-1ubuntu1).
0 upgraded, 0 newly installed, 0 to remove and 0 not upgraded.
Reading package lists...
Building dependency tree...
Reading state information...
neofetch is already the newest version (3.0.1-2~ubuntu16.04.1).
0 upgraded, 0 newly installed, 0 to remove and 0 not upgraded.
Reading package lists...
Building dependency tree...
Reading state information...
youtube-dl is already the newest version (1:2017.02.16-1~webupd8~xenial0).
0 upgraded, 0 newly installed, 0 to remove and 0 not upgraded.
Reading package lists...
Building dependency tree...
Reading state information...
libcurl3 is already the newest version (7.47.0-1ubuntu2.2).
0 upgraded, 0 newly installed, 0 to remove and 0 not upgraded.
Reading package lists...
Building dependency tree...
Reading state information...
libav-tools is already the newest version (7:2.8.11-0ubuntu0.16.04.1).
0 upgraded, 0 newly installed, 0 to remove and 0 not upgraded.
Reading package lists...
Building dependency tree...
Reading state information...
ffmpeg is already the newest version (7:2.8.11-0ubuntu0.16.04.1).
0 upgraded, 0 newly installed, 0 to remove and 0 not upgraded.
Reading package lists...
Building dependency tree...
Reading state information...
xclip is already the newest version (0.12+svn84-4).
0 upgraded, 0 newly installed, 0 to remove and 0 not upgraded.
Reading package lists...
Building dependency tree...
Reading state information...
p7zip-rar is already the newest version (9.20.1~ds.1-4).
0 upgraded, 0 newly installed, 0 to remove and 0 not upgraded.
Reading package lists...
Building dependency tree...
Reading state information...
p7zip-full is already the newest version (9.20.1~dfsg.1-4.2).
0 upgraded, 0 newly installed, 0 to remove and 0 not upgraded.
Reading package lists...
Building dependency tree...
Reading state information...
unace is already the newest version (1.2b-14).
0 upgraded, 0 newly installed, 0 to remove and 0 not upgraded.
Reading package lists...
Building dependency tree...
Reading state information...
unrar is already the newest version (1:5.3.2-1).
0 upgraded, 0 newly installed, 0 to remove and 0 not upgraded.
Reading package lists...
Building dependency tree...
Reading state information...
zip is already the newest version (3.0-11).
0 upgraded, 0 newly installed, 0 to remove and 0 not upgraded.
Reading package lists...
Building dependency tree...
Reading state information...
unzip is already the newest version (6.0-20ubuntu1).
0 upgraded, 0 newly installed, 0 to remove and 0 not upgraded.
Reading package lists...
Building dependency tree...
Reading state information...
sharutils is already the newest version (1:4.15.2-1).
0 upgraded, 0 newly installed, 0 to remove and 0 not upgraded.
Reading package lists...
Building dependency tree...
Reading state information...
rar is already the newest version (2:5.3.b2-1).
0 upgraded, 0 newly installed, 0 to remove and 0 not upgraded.
Reading package lists...
Building dependency tree...
Reading state information...
uudeview is already the newest version (0.5.20-3.4).
0 upgraded, 0 newly installed, 0 to remove and 0 not upgraded.
Reading package lists...
Building dependency tree...
Reading state information...
mpack is already the newest version (1.6-8).
0 upgraded, 0 newly installed, 0 to remove and 0 not upgraded.
Reading package lists...
Building dependency tree...
Reading state information...
arj is already the newest version (3.10.22-14).
0 upgraded, 0 newly installed, 0 to remove and 0 not upgraded.
Reading package lists...
Building dependency tree...
Reading state information...
cabextract is already the newest version (1.6-1).
0 upgraded, 0 newly installed, 0 to remove and 0 not upgraded.
Reading package lists...
Building dependency tree...
Reading state information...
file-roller is already the newest version (3.16.5-0ubuntu1.2).
0 upgraded, 0 newly installed, 0 to remove and 0 not upgraded.
Reading package lists...
Building dependency tree...
Reading state information...
redshift-gtk is already the newest version (1.10-5ubuntu1).
0 upgraded, 0 newly installed, 0 to remove and 0 not upgraded.
Reading package lists...
Building dependency tree...
Reading state information...
plank is already the newest version (0.11.1-1).
0 upgraded, 0 newly installed, 0 to remove and 0 not upgraded.
Reading package lists...
Building dependency tree...
Reading state information...
clipit is already the newest version (1.4.2-1ubuntu1).
0 upgraded, 0 newly installed, 0 to remove and 0 not upgraded.
Reading package lists...
Building dependency tree...
Reading state information...
tilda is already the newest version (1.3.1-1).
0 upgraded, 0 newly installed, 0 to remove and 0 not upgraded.
Reading package lists...
Building dependency tree...
Reading state information...
autokey-gtk is already the newest version (0.90.4-1).
0 upgraded, 0 newly installed, 0 to remove and 0 not upgraded.
Reading package lists...
Building dependency tree...
Reading state information...
variety is already the newest version (0.6.3-0~581~201611011859~ubuntu16.04.1).
0 upgraded, 0 newly installed, 0 to remove and 0 not upgraded.
Reading package lists...
Building dependency tree...
Reading state information...
spotify-client is already the newest version (1:1.0.48.103.g15edf1ec-121).
0 upgraded, 0 newly installed, 0 to remove and 0 not upgraded.
Reading package lists...
Building dependency tree...
Reading state information...
gnome-do is already the newest version (0.95.3-5).
0 upgraded, 0 newly installed, 0 to remove and 0 not upgraded.
Reading package lists...
Building dependency tree...
Reading state information...
numix-icon-theme-circle is already the newest version (2.0.3+13~201611240401~ubuntu16.04.1).
0 upgraded, 0 newly installed, 0 to remove and 0 not upgraded.
Reading package lists...
Building dependency tree...
Reading state information...
numix-icon-theme is already the newest version (0.3+875~201701252032~ubuntu16.04.1).
0 upgraded, 0 newly installed, 0 to remove and 0 not upgraded.
Reading package lists...
Building dependency tree...
Reading state information...
blender is already the newest version (2.76.b+dfsg0-3build1).
0 upgraded, 0 newly installed, 0 to remove and 0 not upgraded.
Reading package lists...
Building dependency tree...
Reading state information...
shotwell is already the newest version (0.22.0+git20160108.r1.f2fb1f7-0ubuntu1).
0 upgraded, 0 newly installed, 0 to remove and 0 not upgraded.
Reading package lists...
Building dependency tree...
Reading state information...
gimp is already the newest version (2.8.16-1ubuntu1.1).
0 upgraded, 0 newly installed, 0 to remove and 0 not upgraded.
Reading package lists...
Building dependency tree...
Reading state information...
shutter is already the newest version (0.93.1-1ubuntu1).
0 upgraded, 0 newly installed, 0 to remove and 0 not upgraded.
Reading package lists...
Building dependency tree...
Reading state information...
cheese is already the newest version (3.18.1-2ubuntu3).
0 upgraded, 0 newly installed, 0 to remove and 0 not upgraded.
Reading package lists...
Building dependency tree...
Reading state information...
pinta is already the newest version (1.6-2).
0 upgraded, 0 newly installed, 0 to remove and 0 not upgraded.
Reading package lists...
Building dependency tree...
Reading state information...
zim is already the newest version (0.65-2).
0 upgraded, 0 newly installed, 0 to remove and 0 not upgraded.
Reading package lists...
Building dependency tree...
Reading state information...
anki is already the newest version (2.0.32+dfsg-1).
0 upgraded, 0 newly installed, 0 to remove and 0 not upgraded.
Reading package lists...
Building dependency tree...
Reading state information...
cherrytree is already the newest version (0.36.4-1).
0 upgraded, 0 newly installed, 0 to remove and 0 not upgraded.
Reading package lists...
Building dependency tree...
Reading state information...
thunderbird is already the newest version (1:45.7.0+build1-0ubuntu0.16.04.1).
0 upgraded, 0 newly installed, 0 to remove and 0 not upgraded.
Reading package lists...
Building dependency tree...
Reading state information...
vagrant is already the newest version (1.8.1+dfsg-1).
0 upgraded, 0 newly installed, 0 to remove and 0 not upgraded.
Reading package lists...
Building dependency tree...
Reading state information...
virtualbox-qt is already the newest version (5.0.32-dfsg-0ubuntu1.16.04.2).
0 upgraded, 0 newly installed, 0 to remove and 0 not upgraded.
The user `jennifer' is already a member of `vboxusers'.
Reading package lists...
Building dependency tree...
Reading state information...
tor-browser is already the newest version (6.5-1~webupd8~0).
0 upgraded, 0 newly installed, 0 to remove and 0 not upgraded.
Reading package lists...
Building dependency tree...
Reading state information...
chromium-browser is already the newest version (55.0.2883.87-0ubuntu0.16.04.1263).
0 upgraded, 0 newly installed, 0 to remove and 0 not upgraded.
Reading package lists...
Building dependency tree...
Reading state information...
autoconf is already the newest version (2.69-9).
0 upgraded, 0 newly installed, 0 to remove and 0 not upgraded.
Reading package lists...
Building dependency tree...
Reading state information...
automake is already the newest version (1:1.15-4ubuntu1).
0 upgraded, 0 newly installed, 0 to remove and 0 not upgraded.
Reading package lists...
Building dependency tree...
Reading state information...
bison is already the newest version (2:3.0.4.dfsg-1).
0 upgraded, 0 newly installed, 0 to remove and 0 not upgraded.
Reading package lists...
Building dependency tree...
Reading state information...
build-essential is already the newest version (12.1ubuntu2).
0 upgraded, 0 newly installed, 0 to remove and 0 not upgraded.
Reading package lists...
Building dependency tree...
Reading state information...
curl is already the newest version (7.47.0-1ubuntu2.2).
0 upgraded, 0 newly installed, 0 to remove and 0 not upgraded.
Reading package lists...
Building dependency tree...
Reading state information...
git-core is already the newest version (1:2.7.4-0ubuntu1).
0 upgraded, 0 newly installed, 0 to remove and 0 not upgraded.
Reading package lists...
Building dependency tree...
Reading state information...
libapr1 is already the newest version (1.5.2-3).
0 upgraded, 0 newly installed, 0 to remove and 0 not upgraded.
Reading package lists...
Building dependency tree...
Reading state information...
libaprutil1 is already the newest version (1.5.4-1build1).
0 upgraded, 0 newly installed, 0 to remove and 0 not upgraded.
Reading package lists...
Building dependency tree...
Reading state information...
libc6-dev is already the newest version (2.23-0ubuntu5).
0 upgraded, 0 newly installed, 0 to remove and 0 not upgraded.
Reading package lists...
Building dependency tree...
Reading state information...
libltdl-dev is already the newest version (2.4.6-0.1).
0 upgraded, 0 newly installed, 0 to remove and 0 not upgraded.
Reading package lists...
Building dependency tree...
Reading state information...
libreadline6 is already the newest version (6.3-8ubuntu2).
0 upgraded, 0 newly installed, 0 to remove and 0 not upgraded.
Reading package lists...
Building dependency tree...
Reading state information...
libreadline6-dev is already the newest version (6.3-8ubuntu2).
0 upgraded, 0 newly installed, 0 to remove and 0 not upgraded.
Reading package lists...
Building dependency tree...
Reading state information...
libsqlite3-0 is already the newest version (3.11.0-1ubuntu1).
0 upgraded, 0 newly installed, 0 to remove and 0 not upgraded.
Reading package lists...
Building dependency tree...
Reading state information...
libsqlite3-dev is already the newest version (3.11.0-1ubuntu1).
0 upgraded, 0 newly installed, 0 to remove and 0 not upgraded.
Reading package lists...
Building dependency tree...
Reading state information...
libssl-dev is already the newest version (1.0.2g-1ubuntu4.6).
0 upgraded, 0 newly installed, 0 to remove and 0 not upgraded.
Reading package lists...
Building dependency tree...
Reading state information...
libtool is already the newest version (2.4.6-0.1).
0 upgraded, 0 newly installed, 0 to remove and 0 not upgraded.
Reading package lists...
Building dependency tree...
Reading state information...
libxml2-dev is already the newest version (2.9.3+dfsg1-1ubuntu0.1).
0 upgraded, 0 newly installed, 0 to remove and 0 not upgraded.
Reading package lists...
Building dependency tree...
Reading state information...
libxslt1-dev is already the newest version (1.1.28-2.1).
0 upgraded, 0 newly installed, 0 to remove and 0 not upgraded.
Reading package lists...
Building dependency tree...
Reading state information...
libxslt1-dev is already the newest version (1.1.28-2.1).
0 upgraded, 0 newly installed, 0 to remove and 0 not upgraded.
Reading package lists...
Building dependency tree...
Reading state information...
libyaml-dev is already the newest version (0.1.6-3).
0 upgraded, 0 newly installed, 0 to remove and 0 not upgraded.
Reading package lists...
Building dependency tree...
Reading state information...
libncurses5-dev is already the newest version (6.0+20160213-1ubuntu1).
0 upgraded, 0 newly installed, 0 to remove and 0 not upgraded.
Reading package lists...
Building dependency tree...
Reading state information...
nodejs is already the newest version (4.2.6~dfsg-1ubuntu4.1).
0 upgraded, 0 newly installed, 0 to remove and 0 not upgraded.
Reading package lists...
Building dependency tree...
Reading state information...
openssl is already the newest version (1.0.2g-1ubuntu4.6).
0 upgraded, 0 newly installed, 0 to remove and 0 not upgraded.
Reading package lists...
Building dependency tree...
Reading state information...
sqlite3 is already the newest version (3.11.0-1ubuntu1).
0 upgraded, 0 newly installed, 0 to remove and 0 not upgraded.
Reading package lists...
Building dependency tree...
Reading state information...
zlib1g is already the newest version (1:1.2.8.dfsg-2ubuntu4).
0 upgraded, 0 newly installed, 0 to remove and 0 not upgraded.
Reading package lists...
Building dependency tree...
Reading state information...
zlib1g-dev is already the newest version (1:1.2.8.dfsg-2ubuntu4).
0 upgraded, 0 newly installed, 0 to remove and 0 not upgraded.
gpg: requesting key D39DC0E3 from hkp server keys.gnupg.net
gpg: key D39DC0E3: "Michal Papis (RVM signing) <mpapis@gmail.com>" not changed
gpg: Total number processed: 1
gpg:              unchanged: 1
Downloading https://github.com/rvm/rvm/archive/1.29.0.tar.gz
Downloading https://github.com/rvm/rvm/releases/download/1.29.0/1.29.0.tar.gz.asc
gpg: Signature made Sun 12 Feb 2017 02:36:09 PM PST using RSA key ID BF04FF17
gpg: Good signature from "Michal Papis (RVM signing) <mpapis@gmail.com>" [unknown]
gpg: WARNING: This key is not certified with a trusted signature!
gpg:          There is no indication that the signature belongs to the owner.
Primary key fingerprint: 409B 6B17 96C2 7546 2A17  0311 3804 BB82 D39D C0E3
     Subkey fingerprint: 62C9 E5F4 DA30 0D94 AC36  166B E206 C29F BF04 FF17
GPG verified '/usr/local/rvm/archives/rvm-1.29.0.tgz'

Upgrading the RVM installation in /usr/local/rvm/
Upgrade of RVM in /usr/local/rvm/ is complete.

# Jennifer E. Volk,
#
#   Thank you for using RVM!
#   We sincerely hope that RVM helps to make your life easier and more enjoyable!!!
#
# ~Wayne, Michal & team.

In case of problems: [32mhttps://rvm.io/help [33mand [32mhttps://twitter.com/rvm_io

Upgrade Notes:

  * No new notes to display.

./setup.sh: 176: ./setup.sh: rvm: not found
./setup.sh: 177: ./setup.sh: rvm: not found
Successfully installed rails-5.0.1
Parsing documentation for rails-5.0.1
Done installing documentation for rails after 0 seconds
1 gem installed
OK
Reading package lists...
Building dependency tree...
Reading state information...
heroku is already the newest version (5.6.22-1).
0 upgraded, 0 newly installed, 0 to remove and 0 not upgraded.
2017-02-18 23:04:47 URL:https://release.gitkraken.com/linux/gitkraken-amd64.deb [71021864/71021864] -> "gitkracken.deb" [1]
(Reading database ... 262475 files and directories currently installed.)
Preparing to unpack gitkracken.deb ...
Unpacking gitkraken (2.1.0) over (2.1.0) ...
Setting up gitkraken (2.1.0) ...
Processing triggers for desktop-file-utils (0.22-1ubuntu5) ...
Processing triggers for bamfdaemon (0.5.3~bzr0+16.04.20160824-0ubuntu1) ...
Rebuilding /usr/share/applications/bamf-2.index...
Processing triggers for mime-support (3.59ubuntu1) ...
Reading package lists...
Building dependency tree...
Reading state information...
atom is already the newest version (1.14.2-1~webupd8~0).
0 upgraded, 0 newly installed, 0 to remove and 0 not upgraded.
Reading package lists...
Building dependency tree...
Reading state information...
sublime-text is already the newest version (2.0.2-1~webupd8~3).
0 upgraded, 0 newly installed, 0 to remove and 0 not upgraded.
Firewall is active and enabled on system startup
Reading package lists...
Building dependency tree...
Reading state information...
0 upgraded, 0 newly installed, 0 to remove and 0 not upgraded.
